<?xml version="1.0" encoding="UTF-8"?>
<!-- Generated by org.testng.reporters.JUnitReportReporter -->
<testsuite hostname="DESKTOP-62KGI1A" failures="0" tests="4" name="api.test.UserTests" time="20.958" errors="0" timestamp="2024-02-25T00:30:53 IST" skipped="0">
  <testcase classname="api.test.UserTests" name="testPostUser" time="14.636"/>
  <system-out/>
  <testcase classname="api.test.UserTests" name="testGetUserByName" time="1.792"/>
  <system-out/>
  <testcase classname="api.test.UserTests" name="testUpdateUserByName" time="3.098"/>
  <system-out/>
  <testcase classname="api.test.UserTests" name="testDeleteUserByName" time="1.432"/>
  <system-out/>
</testsuite> <!-- api.test.UserTests -->
