<?xml version="1.0" encoding="UTF-8"?>
<!-- Generated by org.testng.reporters.JUnitReportReporter -->
<testsuite hostname="DESKTOP-62KGI1A" failures="0" tests="6" name="api.test.DDTests" time="10.137" errors="0" timestamp="2024-02-24T23:58:08 IST" skipped="0">
  <testcase classname="api.test.DDTests" name="testPostUser" time="1.170"/>
  <system-out/>
  <testcase classname="api.test.DDTests" name="testPostUser" time="1.143"/>
  <system-out/>
  <testcase classname="api.test.DDTests" name="testPostUser" time="4.306"/>
  <system-out/>
  <testcase classname="api.test.DDTests" name="testDeleteByUser" time="1.146"/>
  <system-out/>
  <testcase classname="api.test.DDTests" name="testDeleteByUser" time="1.268"/>
  <system-out/>
  <testcase classname="api.test.DDTests" name="testDeleteByUser" time="1.104"/>
  <system-out/>
</testsuite> <!-- api.test.DDTests -->
