<?xml version="1.0" encoding="UTF-8"?>
<!-- Generated by org.testng.reporters.JUnitReportReporter -->
<testsuite hostname="DESKTOP-62KGI1A" failures="0" tests="4" name="api.test.UserTests2" time="8.645" errors="0" timestamp="2024-02-25T13:31:18 IST" skipped="0">
  <testcase classname="api.test.UserTests2" name="testPostUser" time="3.749"/>
  <system-out/>
  <testcase classname="api.test.UserTests2" name="testGetUserByName" time="1.249"/>
  <system-out/>
  <testcase classname="api.test.UserTests2" name="testUpdateUserByName" time="2.344"/>
  <system-out/>
  <testcase classname="api.test.UserTests2" name="testDeleteUserByName" time="1.303"/>
  <system-out/>
</testsuite> <!-- api.test.UserTests2 -->
