<?xml version="1.0" encoding="UTF-8"?>
<!-- Generated by org.testng.reporters.JUnitReportReporter -->
<testsuite hostname="DESKTOP-62KGI1A" failures="0" tests="4" name="api.test.UserTests2" time="10.205" errors="0" timestamp="2024-02-25T18:34:24 IST" skipped="0">
  <testcase classname="api.test.UserTests2" name="testPostUser" time="5.344"/>
  <testcase classname="api.test.UserTests2" name="testGetUserByName" time="1.293"/>
  <testcase classname="api.test.UserTests2" name="testUpdateUserByName" time="2.375"/>
  <testcase classname="api.test.UserTests2" name="testDeleteUserByName" time="1.193"/>
</testsuite> <!-- api.test.UserTests2 -->
